<?xml version="1.0" encoding="UTF-8"?>
<!-- Generated by org.testng.reporters.JUnitReportReporter -->
<testsuite skipped="0" hostname="nbhydnkasinap10" name="com.inetbanking.testCases.TC_DeleteCustomer_005" tests="1" failures="0" timestamp="22 Jun 2020 17:44:19 GMT" time="39.134" errors="0">
  <testcase name="deleteCustomer" time="39.134" classname="com.inetbanking.testCases.TC_DeleteCustomer_005"/>
</testsuite> <!-- com.inetbanking.testCases.TC_DeleteCustomer_005 -->
