<?xml version="1.0" encoding="UTF-8"?>
<!-- Generated by org.testng.reporters.JUnitReportReporter -->
<testsuite skipped="0" hostname="nbhydnkasinap10" name="com.inetbanking.testCases.TC_EditCustomer_004" tests="1" failures="0" timestamp="19 Jun 2020 02:33:38 GMT" time="16.526" errors="0">
  <testcase name="editCustomer" time="16.526" classname="com.inetbanking.testCases.TC_EditCustomer_004"/>
</testsuite> <!-- com.inetbanking.testCases.TC_EditCustomer_004 -->
