<?xml version="1.0" encoding="UTF-8"?>
<!-- Generated by org.testng.reporters.JUnitReportReporter -->
<testsuite skipped="0" hostname="nbhydnkasinap10" name="com.inetbanking.testCases.TC_DeleteCustomer_005" tests="1" failures="0" timestamp="20 Jun 2020 03:35:45 GMT" time="0.024" errors="0">
  <testcase name="deleteCustomer" time="0.024" classname="com.inetbanking.testCases.TC_DeleteCustomer_005"/>
</testsuite> <!-- com.inetbanking.testCases.TC_DeleteCustomer_005 -->
