<?xml version="1.0" encoding="UTF-8"?>
<!-- Generated by org.testng.reporters.JUnitReportReporter -->
<testsuite skipped="0" hostname="nbhydnkasinap10" name="com.inetbanking.testCases.TC_NewAccount_006" tests="1" failures="0" timestamp="25 Jun 2020 02:06:33 GMT" time="35.506" errors="0">
  <testcase name="createAccount" time="35.506" classname="com.inetbanking.testCases.TC_NewAccount_006"/>
</testsuite> <!-- com.inetbanking.testCases.TC_NewAccount_006 -->
