<?xml version="1.0" encoding="UTF-8"?>
<!-- Generated by org.testng.reporters.JUnitReportReporter -->
<testsuite skipped="0" hostname="nbhydnkasinap10" name="com.inetbanking.testCases.TC_EditAccount_007" tests="1" failures="0" timestamp="25 Jun 2020 03:42:51 GMT" time="49.737" errors="0">
  <testcase name="editAccount" time="49.737" classname="com.inetbanking.testCases.TC_EditAccount_007"/>
</testsuite> <!-- com.inetbanking.testCases.TC_EditAccount_007 -->
