<?xml version="1.0" encoding="UTF-8"?>
<!-- Generated by org.testng.reporters.JUnitReportReporter -->
<testsuite skipped="0" hostname="nbhydnkasinap10" name="com.inetbanking.testCases.TC_LoginTest_001" tests="1" failures="0" timestamp="21 Jun 2020 03:57:51 GMT" time="1.894" errors="0">
  <testcase name="loginTest" time="1.894" classname="com.inetbanking.testCases.TC_LoginTest_001"/>
</testsuite> <!-- com.inetbanking.testCases.TC_LoginTest_001 -->
