<?xml version="1.0" encoding="UTF-8"?>
<!-- Generated by org.testng.reporters.JUnitReportReporter -->
<testsuite skipped="0" hostname="nbhydnkasinap10" name="com.inetbanking.testCases.TC_NewCustomer_003" tests="1" failures="0" timestamp="21 Jun 2020 03:57:51 GMT" time="24.886" errors="0">
  <testcase name="addCustomer" time="24.886" classname="com.inetbanking.testCases.TC_NewCustomer_003"/>
</testsuite> <!-- com.inetbanking.testCases.TC_NewCustomer_003 -->
